SIMLOG:: Cycle           4 PC: 00000000 I: 0000c108 R: 0   0 00000000 M: 0 0 00000000 00000000
SIMLOG:: Cycle           5 PC: 00000002 I: 00003906 R: 0   0 00000000 M: 0 0 00000000 00000000
SIMLOG:: Cycle           6 PC: 00000004 I: 00000000 R: 0   0 00000000 M: 0 0 00000000 00000000
SIMLOG:: Cycle           7 PC: 00000004 I: 00000000 R: 0   0 00000002 M: 0 0 00000008 00000000
SIMLOG:: Cycle           8 PC: 00000004 I: 00000000 R: 1   1 00000008 M: 0 0 00000008 00000000
SIMLOG:: Cycle           9 PC: 00000006 I: 0000a143 R: 0   7 00000008 M: 0 0 00000008 00000000
SIMLOG:: Cycle          10 PC: 00000008 I: 00000000 R: 0   7 00000008 M: 0 0 0000000e 00000000
SIMLOG:: Cycle          11 PC: 0000000e I: 000039fe R: 1   7 00000004 M: 0 0 00000000 00000000
SIMLOG:: Cycle          12 PC: 00000010 I: 00000000 R: 0   0 00000006 M: 0 0 0000000b 00000000
SIMLOG:: Cycle          13 PC: 00000012 I: 00000000 R: 0   2 00000040 M: 0 0 00000000 00000000
SIMLOG:: Cycle          14 PC: 00000014 I: 00000000 R: 0   0 0000000a M: 0 0 00000006 00000004
SIMLOG:: Cycle          15 PC: 00000006 I: 0000a143 R: 1   7 00000010 M: 0 0 00000000 00000000
SIMLOG:: Cycle          16 PC: 00000008 I: 00000000 R: 0   0 00000012 M: 0 0 00000000 00000000
SIMLOG:: Cycle          17 PC: 0000000a I: 00000000 R: 0   0 00000014 M: 0 0 00000000 00000000
SIMLOG:: Cycle          18 PC: 0000000c I: 00000000 R: 0   0 00000016 M: 0 0 0000000b 00000000
SIMLOG:: Cycle          19 PC: 0000000e I: 000039fe R: 1   2 00000040 M: 0 0 00000000 00000000
SIMLOG:: Cycle          20 PC: 00000010 I: 00000000 R: 0   0 0000000a M: 0 0 00000000 00000000
SIMLOG:: Processor halted

SIMLOG:: sim_cycles          20

SIMLOG:: inst_count           5

SIMLOG:: dcachehit_count           0

SIMLOG:: icachehit_count           0

SIMLOG:: dcachereq_count           0

SIMLOG:: icachereq_count           0

